2026-05-06 11:34:14,283 - timing_logger - INFO - Function 'read_stru' in 'scripts.read_hs_data' executed in 0.001666 seconds
2026-05-06 11:34:14,484 - timing_logger - INFO - Function '_read_all_matrices' in 'scripts.read_hs_data' executed in 0.201125 seconds
2026-05-06 11:34:14,485 - timing_logger - INFO - Function '_get_transform_matrix' in 'scripts.read_hs_data' executed in 0.000110 seconds
2026-05-06 11:34:27,792 - timing_logger - INFO - Function '_finalize_tensors' in 'scripts.read_hs_data' executed in 0.184768 seconds
2026-05-06 11:34:27,812 - timing_logger - INFO - Function 'read_data' in 'scripts.read_hs_data' executed in 13.529320 seconds
2026-05-06 11:34:27,822 - timing_logger - INFO - Function 'main' in '__main__' executed in 13.548036 seconds
2026-05-06 11:41:23,009 - timing_logger - INFO - Function 'read_stru' in 'scripts.read_hs_data' executed in 0.001681 seconds
2026-05-06 11:41:23,209 - timing_logger - INFO - Function '_read_all_matrices' in 'scripts.read_hs_data' executed in 0.199732 seconds
2026-05-06 11:41:23,209 - timing_logger - INFO - Function '_get_transform_matrix' in 'scripts.read_hs_data' executed in 0.000112 seconds
2026-05-06 11:41:31,272 - timing_logger - INFO - Function '_finalize_tensors' in 'scripts.read_hs_data' executed in 0.247097 seconds
2026-05-06 11:41:31,299 - timing_logger - INFO - Function 'read_data' in 'scripts.read_hs_data' executed in 8.289695 seconds
2026-05-06 11:41:31,311 - timing_logger - INFO - Function 'main' in '__main__' executed in 8.311328 seconds
2026-05-06 11:42:29,858 - timing_logger - INFO - Function 'read_stru' in 'scripts.read_hs_data' executed in 0.001685 seconds
2026-05-06 11:42:30,060 - timing_logger - INFO - Function '_read_all_matrices' in 'scripts.read_hs_data' executed in 0.202236 seconds
2026-05-06 11:42:30,060 - timing_logger - INFO - Function '_get_transform_matrix' in 'scripts.read_hs_data' executed in 0.000111 seconds
2026-05-06 11:42:41,763 - timing_logger - INFO - Function '_finalize_tensors' in 'scripts.read_hs_data' executed in 0.254641 seconds
2026-05-06 11:42:41,791 - timing_logger - INFO - Function 'read_data' in 'scripts.read_hs_data' executed in 11.933291 seconds
2026-05-06 11:42:41,803 - timing_logger - INFO - Function 'main' in '__main__' executed in 11.955196 seconds
2026-05-06 11:47:36,987 - timing_logger - INFO - Function 'read_stru' in 'scripts.read_hs_data' executed in 0.001702 seconds
2026-05-06 11:47:37,196 - timing_logger - INFO - Function '_read_all_matrices' in 'scripts.read_hs_data' executed in 0.209183 seconds
2026-05-06 11:47:37,196 - timing_logger - INFO - Function '_get_transform_matrix' in 'scripts.read_hs_data' executed in 0.000125 seconds
2026-05-06 11:47:49,347 - timing_logger - INFO - Function '_finalize_tensors' in 'scripts.read_hs_data' executed in 0.250525 seconds
2026-05-06 11:47:49,368 - timing_logger - INFO - Function 'read_data' in 'scripts.read_hs_data' executed in 12.381052 seconds
2026-05-06 11:47:49,376 - timing_logger - INFO - Function 'main' in '__main__' executed in 12.398727 seconds
2026-05-06 11:48:02,921 - timing_logger - INFO - Function 'read_stru' in 'scripts.read_hs_data' executed in 0.001706 seconds
2026-05-06 11:48:03,135 - timing_logger - INFO - Function '_read_all_matrices' in 'scripts.read_hs_data' executed in 0.213738 seconds
2026-05-06 11:48:03,135 - timing_logger - INFO - Function '_get_transform_matrix' in 'scripts.read_hs_data' executed in 0.000128 seconds
2026-05-06 11:48:10,904 - timing_logger - INFO - Function '_finalize_tensors' in 'scripts.read_hs_data' executed in 0.188408 seconds
2026-05-06 11:48:10,928 - timing_logger - INFO - Function 'read_data' in 'scripts.read_hs_data' executed in 8.006638 seconds
2026-05-06 11:48:10,936 - timing_logger - INFO - Function 'main' in '__main__' executed in 8.024115 seconds
2026-05-06 11:49:56,967 - timing_logger - INFO - Function 'read_stru' in 'scripts.read_hs_data' executed in 0.001720 seconds
2026-05-06 11:49:57,176 - timing_logger - INFO - Function '_read_all_matrices' in 'scripts.read_hs_data' executed in 0.209152 seconds
2026-05-06 11:49:57,177 - timing_logger - INFO - Function '_get_transform_matrix' in 'scripts.read_hs_data' executed in 0.000120 seconds
2026-05-06 11:50:04,133 - timing_logger - INFO - Function 'read_stru' in 'scripts.read_hs_data' executed in 0.001684 seconds
2026-05-06 11:50:04,344 - timing_logger - INFO - Function '_read_all_matrices' in 'scripts.read_hs_data' executed in 0.210653 seconds
2026-05-06 11:50:04,345 - timing_logger - INFO - Function '_get_transform_matrix' in 'scripts.read_hs_data' executed in 0.000125 seconds
2026-05-06 11:50:11,351 - timing_logger - INFO - Function '_finalize_tensors' in 'scripts.read_hs_data' executed in 0.323963 seconds
2026-05-06 11:50:11,371 - timing_logger - INFO - Function 'read_data' in 'scripts.read_hs_data' executed in 7.237417 seconds
2026-05-06 11:50:11,383 - timing_logger - INFO - Function 'main' in '__main__' executed in 7.258443 seconds
2026-05-06 12:02:03,842 - timing_logger - INFO - Function 'read_stru' in 'scripts.output_hs_data' executed in 0.002785 seconds
2026-05-06 12:04:47,154 - timing_logger - INFO - Function 'get_hs_data' in 'scripts.output_hs_data' executed in 163.311919 seconds
2026-05-06 12:04:47,156 - timing_logger - INFO - Function 'read_stru' in 'scripts.add_element' executed in 0.001261 seconds
2026-05-06 12:04:47,156 - timing_logger - INFO - Function 'read_stru' in 'scripts.add_element' executed in 0.000451 seconds
2026-05-06 12:04:48,623 - timing_logger - INFO - Function 'read_file' in 'scripts.add_element' executed in 1.466756 seconds
2026-05-06 12:04:49,096 - timing_logger - INFO - Function 'read_file' in 'scripts.add_element' executed in 0.472235 seconds
2026-05-06 12:04:51,033 - timing_logger - INFO - Function 'add_matrxi_element' in 'scripts.add_element' executed in 3.877281 seconds
2026-05-06 12:04:51,041 - timing_logger - INFO - Function 'generate_kline' in 'scripts.plot_band' executed in 0.007881 seconds
2026-05-06 12:14:35,145 - timing_logger - INFO - Function 'cal_band' in 'scripts.plot_band' executed in 584.111557 seconds
2026-05-06 12:14:35,178 - timing_logger - INFO - Function 'generate_kline' in 'scripts.plot_band' executed in 0.022324 seconds
2026-05-06 12:14:35,537 - timing_logger - INFO - Function 'plot_pic' in 'scripts.plot_band' executed in 0.391658 seconds
2026-05-06 12:14:35,537 - timing_logger - INFO - Function 'main' in '__main__' executed in 751.698493 seconds
2026-05-06 16:37:39,793 - timing_logger - INFO - Function 'read_stru' in 'scripts.read_hs_data' executed in 0.001700 seconds
2026-05-06 16:37:39,997 - timing_logger - INFO - Function '_read_all_matrices' in 'scripts.read_hs_data' executed in 0.204547 seconds
2026-05-06 16:37:39,998 - timing_logger - INFO - Function '_get_transform_matrix' in 'scripts.read_hs_data' executed in 0.000130 seconds
2026-05-06 16:37:48,711 - timing_logger - INFO - Function '_finalize_tensors' in 'scripts.read_hs_data' executed in 0.277678 seconds
2026-05-06 16:37:48,740 - timing_logger - INFO - Function 'read_data' in 'scripts.read_hs_data' executed in 8.947175 seconds
2026-05-06 16:37:48,753 - timing_logger - INFO - Function 'main' in '__main__' executed in 8.969460 seconds
2026-05-06 16:43:24,353 - timing_logger - INFO - Function 'read_stru' in 'scripts.read_hs_data' executed in 0.001684 seconds
2026-05-06 16:43:24,555 - timing_logger - INFO - Function '_read_all_matrices' in 'scripts.read_hs_data' executed in 0.201468 seconds
2026-05-06 16:43:24,555 - timing_logger - INFO - Function '_get_transform_matrix' in 'scripts.read_hs_data' executed in 0.000107 seconds
2026-05-06 16:43:45,956 - timing_logger - INFO - Function '_finalize_tensors' in 'scripts.read_hs_data' executed in 0.288138 seconds
2026-05-06 16:43:45,980 - timing_logger - INFO - Function 'read_data' in 'scripts.read_hs_data' executed in 21.626998 seconds
2026-05-06 16:43:45,988 - timing_logger - INFO - Function 'main' in '__main__' executed in 21.643847 seconds
2026-05-06 16:51:21,962 - timing_logger - INFO - Function 'read_stru' in 'scripts.output_hs_data' executed in 0.002842 seconds
2026-05-06 16:54:10,631 - timing_logger - INFO - Function 'get_hs_data' in 'scripts.output_hs_data' executed in 168.669278 seconds
2026-05-06 16:54:10,633 - timing_logger - INFO - Function 'read_stru' in 'scripts.add_element' executed in 0.001205 seconds
2026-05-06 16:54:10,633 - timing_logger - INFO - Function 'read_stru' in 'scripts.add_element' executed in 0.000442 seconds
2026-05-06 16:54:12,090 - timing_logger - INFO - Function 'read_file' in 'scripts.add_element' executed in 1.456342 seconds
2026-05-06 16:54:12,557 - timing_logger - INFO - Function 'read_file' in 'scripts.add_element' executed in 0.467079 seconds
2026-05-06 16:54:14,538 - timing_logger - INFO - Function 'add_matrxi_element' in 'scripts.add_element' executed in 3.905510 seconds
2026-05-06 16:54:14,547 - timing_logger - INFO - Function 'generate_kline' in 'scripts.plot_band' executed in 0.008018 seconds
2026-05-06 17:04:37,444 - timing_logger - INFO - Function 'cal_band' in 'scripts.plot_band' executed in 622.905667 seconds
2026-05-06 17:04:37,482 - timing_logger - INFO - Function 'generate_kline' in 'scripts.plot_band' executed in 0.027018 seconds
2026-05-06 17:04:37,968 - timing_logger - INFO - Function 'plot_pic' in 'scripts.plot_band' executed in 0.523295 seconds
2026-05-06 17:04:37,968 - timing_logger - INFO - Function 'main' in '__main__' executed in 796.010020 seconds
2026-05-07 16:23:36,337 - timing_logger - INFO - Function 'read_stru' in 'scripts.read_hs_data' executed in 0.110635 seconds
2026-05-07 16:24:38,293 - timing_logger - INFO - Function '_read_all_matrices' in 'scripts.read_hs_data' executed in 61.955702 seconds
2026-05-07 16:24:38,293 - timing_logger - INFO - Function '_get_transform_matrix' in 'scripts.read_hs_data' executed in 0.000156 seconds
2026-05-07 17:53:06,213 - timing_logger - INFO - Function '_finalize_tensors' in 'scripts.read_hs_data' executed in 188.425632 seconds
2026-05-07 17:53:08,917 - timing_logger - INFO - Function 'read_data' in 'scripts.read_hs_data' executed in 5372.580005 seconds
2026-05-07 17:53:10,826 - timing_logger - INFO - Function 'main' in '__main__' executed in 5694.116953 seconds
2026-05-07 19:59:39,714 - timing_logger - INFO - Function 'read_stru' in 'scripts.output_hs_data' executed in 0.122836 seconds
2026-05-07 22:19:05,885 - timing_logger - INFO - Function 'read_stru' in 'scripts.output_hs_data' executed in 0.135874 seconds
2026-05-08 06:22:13,597 - timing_logger - INFO - Function 'read_stru' in 'scripts.output_hs_data' executed in 0.126313 seconds
2026-05-09 08:49:17,622 - timing_logger - INFO - Function 'get_hs_data' in 'scripts.output_hs_data' executed in 95224.024671 seconds
2026-05-09 08:49:17,806 - timing_logger - INFO - Function 'read_stru' in 'scripts.add_element' executed in 0.184112 seconds
2026-05-09 08:49:17,881 - timing_logger - INFO - Function 'read_stru' in 'scripts.add_element' executed in 0.073948 seconds
2026-05-09 20:32:17,594 - timing_logger - INFO - Function 'read_stru' in 'scripts.output_hs_data' executed in 0.133239 seconds
2026-05-23 10:17:36,016 - timing_logger - INFO - Function 'read_stru' in 'scripts.read_hs_data' executed in 0.002672 seconds
2026-05-23 10:17:36,271 - timing_logger - INFO - Function '_read_all_matrices' in 'scripts.read_hs_data' executed in 0.255478 seconds
2026-05-23 10:17:36,271 - timing_logger - INFO - Function '_get_transform_matrix' in 'scripts.read_hs_data' executed in 0.000121 seconds
2026-05-23 10:17:36,671 - timing_logger - INFO - Function '_finalize_tensors' in 'scripts.read_hs_data' executed in 0.044577 seconds
2026-05-23 10:17:36,672 - timing_logger - INFO - Function 'read_data' in 'scripts.read_hs_data' executed in 0.655820 seconds
2026-05-23 10:17:36,673 - timing_logger - INFO - Function 'main' in '__main__' executed in 0.668458 seconds
2026-05-23 10:37:41,847 - timing_logger - INFO - Function 'read_stru' in 'scripts.read_hs_data' executed in 0.002516 seconds
2026-05-23 10:37:42,106 - timing_logger - INFO - Function '_read_all_matrices' in 'scripts.read_hs_data' executed in 0.258340 seconds
2026-05-23 10:37:42,106 - timing_logger - INFO - Function '_get_transform_matrix' in 'scripts.read_hs_data' executed in 0.000087 seconds
2026-05-23 10:37:42,514 - timing_logger - INFO - Function '_finalize_tensors' in 'scripts.read_hs_data' executed in 0.056629 seconds
2026-05-23 10:37:42,515 - timing_logger - INFO - Function 'read_data' in 'scripts.read_hs_data' executed in 0.667661 seconds
2026-05-23 10:37:42,517 - timing_logger - INFO - Function 'main' in '__main__' executed in 0.680111 seconds
2026-05-23 18:14:35,624 - timing_logger - INFO - Function 'read_stru' in 'scripts.read_hs_data' executed in 0.002432 seconds
2026-05-23 18:14:35,914 - timing_logger - INFO - Function '_read_all_matrices' in 'scripts.read_hs_data' executed in 0.290265 seconds
2026-05-23 18:14:35,915 - timing_logger - INFO - Function '_get_transform_matrix' in 'scripts.read_hs_data' executed in 0.000163 seconds
2026-05-23 18:14:36,337 - timing_logger - INFO - Function '_finalize_tensors' in 'scripts.read_hs_data' executed in 0.053375 seconds
2026-05-23 18:14:36,338 - timing_logger - INFO - Function 'read_data' in 'scripts.read_hs_data' executed in 0.714146 seconds
2026-05-23 18:14:36,340 - timing_logger - INFO - Function 'main' in '__main__' executed in 0.732200 seconds
2026-05-25 11:25:47,570 - timing_logger - INFO - Function 'read_stru' in 'scripts.read_hs_data' executed in 0.001981 seconds
2026-05-25 11:25:47,773 - timing_logger - INFO - Function '_read_all_matrices' in 'scripts.read_hs_data' executed in 0.203410 seconds
2026-05-25 11:25:47,774 - timing_logger - INFO - Function '_get_transform_matrix' in 'scripts.read_hs_data' executed in 0.000104 seconds
2026-05-25 11:25:48,121 - timing_logger - INFO - Function '_finalize_tensors' in 'scripts.read_hs_data' executed in 0.062670 seconds
2026-05-25 11:25:48,122 - timing_logger - INFO - Function 'read_data' in 'scripts.read_hs_data' executed in 0.552023 seconds
2026-05-25 11:25:48,124 - timing_logger - INFO - Function 'main' in '__main__' executed in 0.563999 seconds
